
Recent Price Updates:
Ticker | Price | Timestamp
----------------------------------------
AAPL   | $205.35 | 2025-05-05 15:19:01
MSFT   | $435.28 | 2025-05-05 15:19:01
NVDA   | $114.50 | 2025-05-05 15:19:01
AAPL   | $205.35 | 2025-05-05 15:11:06
MSFT   | $435.28 | 2025-05-05 15:11:06
NVDA   | $114.50 | 2025-05-05 15:11:06

Recent Price Updates:
Ticker | Price | Timestamp
----------------------------------------
AMZN   | $189.98 | 2025-05-05 16:00:00
GOOG   | $165.81 | 2025-05-05 16:00:00
NVDA   | $114.50 | 2025-05-05 16:00:00
MSFT   | $435.28 | 2025-05-05 16:00:00
AAPL   | $205.35 | 2025-05-05 16:00:00
NVDA   | $114.50 | 2025-05-05 15:55:14
AMZN   | $189.98 | 2025-05-05 15:54:36
GOOG   | $165.81 | 2025-05-05 15:53:48
NVDA   | $114.50 | 2025-05-05 15:52:25
AMZN   | $189.98 | 2025-05-05 15:52:25
GOOG   | $165.81 | 2025-05-05 15:52:25
MSFT   | $435.28 | 2025-05-05 15:52:25
AAPL   | $205.35 | 2025-05-05 15:52:25
NVDA   | $114.50 | 2025-05-05 15:19:38
MSFT   | $435.28 | 2025-05-05 15:19:38
AAPL   | $205.35 | 2025-05-05 15:19:38
NVDA   | $114.50 | 2025-05-05 15:19:01
MSFT   | $435.28 | 2025-05-05 15:19:01
AAPL   | $205.35 | 2025-05-05 15:19:01
AAPL   | $205.35 | 2025-05-05 15:11:06
NVDA   | $114.50 | 2025-05-05 15:11:06
MSFT   | $435.28 | 2025-05-05 15:11:06
